[2019-02-21 08:45:02.775] [exthost] [info] extension host started
[2019-02-21 08:45:02.791] [exthost] [info] ExtensionService#_doActivateExtension vscode.debug-auto-launch {"startup":true,"activationEvent":"*"}
[2019-02-21 08:45:02.791] [exthost] [info] ExtensionService#loadCommonJSModule /usr/share/code/resources/app/extensions/debug-auto-launch/dist/extension
[2019-02-21 08:45:02.793] [exthost] [info] ExtensionService#_doActivateExtension vscode.emmet {"startup":true,"activationEvent":"*"}
[2019-02-21 08:45:02.793] [exthost] [info] ExtensionService#loadCommonJSModule /usr/share/code/resources/app/extensions/emmet/dist/extension
[2019-02-21 08:45:02.803] [exthost] [info] ExtensionService#_doActivateExtension vscode.git {"startup":true,"activationEvent":"*"}
[2019-02-21 08:45:02.803] [exthost] [info] ExtensionService#loadCommonJSModule /usr/share/code/resources/app/extensions/git/dist/main
[2019-02-21 08:45:02.877] [exthost] [info] ExtensionService#_doActivateExtension vscode.merge-conflict {"startup":true,"activationEvent":"*"}
[2019-02-21 08:45:02.877] [exthost] [info] ExtensionService#loadCommonJSModule /usr/share/code/resources/app/extensions/merge-conflict/dist/extension
[2019-02-21 08:45:02.881] [exthost] [info] ExtensionService#_doActivateExtension PsykoSoldi3r.itunes-vscode {"startup":true,"activationEvent":"*"}
[2019-02-21 08:45:02.881] [exthost] [info] ExtensionService#loadCommonJSModule /home/vmadmin/.vscode/extensions/psykosoldi3r.itunes-vscode-0.9.1/out/src/extension
[2019-02-21 08:45:02.884] [exthost] [info] ExtensionService#_doActivateExtension shyykoserhiy.vscode-spotify {"startup":true,"activationEvent":"*"}
[2019-02-21 08:45:02.884] [exthost] [info] ExtensionService#loadCommonJSModule /home/vmadmin/.vscode/extensions/shyykoserhiy.vscode-spotify-3.1.0/out/src/extension
[2019-02-21 08:45:02.997] [exthost] [info] ExtensionService#_doActivateExtension vortizhe.simple-ruby-erb {"startup":true,"activationEvent":"*"}
[2019-02-21 08:45:02.997] [exthost] [info] ExtensionService#loadCommonJSModule /home/vmadmin/.vscode/extensions/vortizhe.simple-ruby-erb-0.2.1/ruby_erb.js
[2019-02-21 08:45:02.998] [exthost] [info] ExtensionService#_doActivateExtension wk-j.vscode-youtube-player {"startup":true,"activationEvent":"*"}
[2019-02-21 08:45:02.998] [exthost] [info] ExtensionService#loadCommonJSModule /home/vmadmin/.vscode/extensions/wk-j.vscode-youtube-player-0.0.1/out/extension
[2019-02-21 08:45:02.998] [exthost] [info] eager extensions activated
[2019-02-21 08:45:12.821] [exthost] [info] extension host started
[2019-02-21 08:45:12.866] [exthost] [info] ExtensionService#_doActivateExtension vscode.debug-auto-launch {"startup":true,"activationEvent":"*"}
[2019-02-21 08:45:12.866] [exthost] [info] ExtensionService#loadCommonJSModule /usr/share/code/resources/app/extensions/debug-auto-launch/dist/extension
[2019-02-21 08:45:12.872] [exthost] [info] ExtensionService#_doActivateExtension vscode.emmet {"startup":true,"activationEvent":"*"}
[2019-02-21 08:45:12.872] [exthost] [info] ExtensionService#loadCommonJSModule /usr/share/code/resources/app/extensions/emmet/dist/extension
[2019-02-21 08:45:12.910] [exthost] [info] ExtensionService#_doActivateExtension vscode.git {"startup":true,"activationEvent":"*"}
[2019-02-21 08:45:12.910] [exthost] [info] ExtensionService#loadCommonJSModule /usr/share/code/resources/app/extensions/git/dist/main
[2019-02-21 08:45:13.035] [exthost] [info] ExtensionService#_doActivateExtension vscode.merge-conflict {"startup":true,"activationEvent":"*"}
[2019-02-21 08:45:13.035] [exthost] [info] ExtensionService#loadCommonJSModule /usr/share/code/resources/app/extensions/merge-conflict/dist/extension
[2019-02-21 08:45:13.042] [exthost] [info] ExtensionService#_doActivateExtension PsykoSoldi3r.itunes-vscode {"startup":true,"activationEvent":"*"}
[2019-02-21 08:45:13.042] [exthost] [info] ExtensionService#loadCommonJSModule /home/vmadmin/.vscode/extensions/psykosoldi3r.itunes-vscode-0.9.1/out/src/extension
[2019-02-21 08:45:13.047] [exthost] [info] ExtensionService#_doActivateExtension shyykoserhiy.vscode-spotify {"startup":true,"activationEvent":"*"}
[2019-02-21 08:45:13.047] [exthost] [info] ExtensionService#loadCommonJSModule /home/vmadmin/.vscode/extensions/shyykoserhiy.vscode-spotify-3.1.0/out/src/extension
[2019-02-21 08:45:13.293] [exthost] [info] ExtensionService#_doActivateExtension vortizhe.simple-ruby-erb {"startup":true,"activationEvent":"*"}
[2019-02-21 08:45:13.293] [exthost] [info] ExtensionService#loadCommonJSModule /home/vmadmin/.vscode/extensions/vortizhe.simple-ruby-erb-0.2.1/ruby_erb.js
[2019-02-21 08:45:13.294] [exthost] [info] ExtensionService#_doActivateExtension wk-j.vscode-youtube-player {"startup":true,"activationEvent":"*"}
[2019-02-21 08:45:13.294] [exthost] [info] ExtensionService#loadCommonJSModule /home/vmadmin/.vscode/extensions/wk-j.vscode-youtube-player-0.0.1/out/extension
[2019-02-21 08:45:13.295] [exthost] [info] ExtensionService#_doActivateExtension bung87.vscode-gemfile {"startup":true,"activationEvent":"workspaceContains:Gemfile.lock"}
[2019-02-21 08:45:13.295] [exthost] [info] ExtensionService#loadCommonJSModule /home/vmadmin/.vscode/extensions/bung87.vscode-gemfile-0.0.2/out/src/extension
[2019-02-21 08:45:13.658] [exthost] [info] ExtensionService#_doActivateExtension bung87.rails {"startup":true,"activationEvent":"workspaceContains:**/Gemfile"}
[2019-02-21 08:45:13.658] [exthost] [info] ExtensionService#loadCommonJSModule /home/vmadmin/.vscode/extensions/bung87.rails-0.8.7/out/src/extension
[2019-02-21 08:45:13.945] [exthost] [info] eager extensions activated
[2019-02-21 08:47:05.676] [exthost] [info] ExtensionService#_doActivateExtension miguel-savignano.ruby-symbols {"startup":false,"activationEvent":"onLanguage:ruby"}
[2019-02-21 08:47:05.676] [exthost] [info] ExtensionService#loadCommonJSModule /home/vmadmin/.vscode/extensions/miguel-savignano.ruby-symbols-0.1.7/out/src/extension
[2019-02-21 08:47:05.678] [exthost] [info] ExtensionService#_doActivateExtension misogi.ruby-rubocop {"startup":false,"activationEvent":"onLanguage:ruby"}
[2019-02-21 08:47:05.678] [exthost] [info] ExtensionService#loadCommonJSModule /home/vmadmin/.vscode/extensions/misogi.ruby-rubocop-0.7.1/out/src/extension
[2019-02-21 08:47:05.682] [exthost] [info] ExtensionService#_doActivateExtension rebornix.ruby {"startup":false,"activationEvent":"onLanguage:ruby"}
[2019-02-21 08:47:05.683] [exthost] [info] ExtensionService#loadCommonJSModule /home/vmadmin/.vscode/extensions/rebornix.ruby-0.22.0/out/ruby.js
[2019-02-21 08:53:45.876] [exthost] [error] [bung87.rails] provider FAILED
[2019-02-21 08:53:45.876] [exthost] [error] 
[2019-02-21 08:54:12.919] [exthost] [error] [bung87.rails] provider FAILED
[2019-02-21 08:54:12.919] [exthost] [error] 
[2019-02-21 08:54:42.709] [exthost] [error] [bung87.rails] provider FAILED
[2019-02-21 08:54:42.709] [exthost] [error] 
[2019-02-21 10:22:45.713] [exthost] [error] [bung87.rails] provider FAILED
[2019-02-21 10:22:45.713] [exthost] [error] TypeError: Cannot read property 'indexOf' of null
	at Object.dectFileType (/home/vmadmin/.vscode/extensions/bung87.rails-0.8.7/out/src/utils.js:6:22)
	at RailsCompletionItemProvider.<anonymous> (/home/vmadmin/.vscode/extensions/bung87.rails-0.8.7/out/src/rails_completion.js:169:40)
	at Generator.next (<anonymous>)
	at fulfilled (/home/vmadmin/.vscode/extensions/bung87.rails-0.8.7/out/src/rails_completion.js:4:58)
[2019-02-21 10:28:02.486] [exthost] [error] [bung87.rails] provider FAILED
[2019-02-21 10:28:02.486] [exthost] [error] 
