[2019-02-21 08:45:03.950] [sharedprocess] [info] main {"machineId":"c2139d7b38004a90eff05ba429961d3677c37d4a19fb2b29b24cfcb6bcfbe689"}
[2019-02-21 08:45:04.079] [sharedprocess] [info] Scanned user extensions: 21
[2019-02-21 08:45:04.099] [sharedprocess] [info] Scanned user extensions: 21
[2019-02-21 08:45:04.101] [sharedprocess] [info] Scanned user extensions: 21
[2019-02-21 08:45:04.143] [sharedprocess] [info] Scanned system extensions: 71
[2019-02-21 08:45:04.153] [sharedprocess] [info] Deleted from disk endverbraucher.pack-rails /home/vmadmin/.vscode/extensions/endverbraucher.pack-rails-1.0.0
[2019-02-21 08:45:04.339] [sharedprocess] [info] Scanned system extensions: 71
[2019-02-21 08:45:04.432] [sharedprocess] [info] Scanned system extensions: 71
[2019-02-21 08:45:05.075] [sharedprocess] [info] Deleted from disk rebornix.ruby /home/vmadmin/.vscode/extensions/rebornix.ruby-0.21.1
[2019-02-21 08:45:05.078] [sharedprocess] [info] Scanned user extensions: 21
[2019-02-21 08:45:12.161] [sharedprocess] [info] Scanned user extensions: 21
[2019-02-21 08:45:12.163] [sharedprocess] [info] Scanned user extensions: 21
[2019-02-21 08:45:12.215] [sharedprocess] [info] Scanned system extensions: 71
[2019-02-21 08:45:12.221] [sharedprocess] [info] Scanned system extensions: 71
[2019-02-21 08:45:14.287] [sharedprocess] [info] Scanned user extensions: 21
[2019-02-21 08:45:43.961] [sharedprocess] [info] Starting to clean up unused language packs.
[2019-02-21 08:50:14.313] [sharedprocess] [info] Scanned user extensions: 21
[2019-02-21 08:55:14.327] [sharedprocess] [info] Scanned user extensions: 21
[2019-02-21 09:00:14.351] [sharedprocess] [info] Scanned user extensions: 21
[2019-02-21 09:05:14.376] [sharedprocess] [info] Scanned user extensions: 21
[2019-02-21 09:10:14.391] [sharedprocess] [info] Scanned user extensions: 21
[2019-02-21 09:15:14.440] [sharedprocess] [info] Scanned user extensions: 21
[2019-02-21 09:20:14.461] [sharedprocess] [info] Scanned user extensions: 21
[2019-02-21 09:25:14.480] [sharedprocess] [info] Scanned user extensions: 21
[2019-02-21 09:30:14.494] [sharedprocess] [info] Scanned user extensions: 21
[2019-02-21 09:35:14.512] [sharedprocess] [info] Scanned user extensions: 21
[2019-02-21 09:40:14.532] [sharedprocess] [info] Scanned user extensions: 21
[2019-02-21 09:45:14.659] [sharedprocess] [info] Scanned user extensions: 21
[2019-02-21 09:50:14.677] [sharedprocess] [info] Scanned user extensions: 21
[2019-02-21 09:55:14.693] [sharedprocess] [info] Scanned user extensions: 21
[2019-02-21 10:00:14.708] [sharedprocess] [info] Scanned user extensions: 21
[2019-02-21 10:05:14.724] [sharedprocess] [info] Scanned user extensions: 21
[2019-02-21 10:10:14.740] [sharedprocess] [info] Scanned user extensions: 21
[2019-02-21 10:15:14.757] [sharedprocess] [info] Scanned user extensions: 21
[2019-02-21 10:20:14.770] [sharedprocess] [info] Scanned user extensions: 21
[2019-02-21 10:25:14.785] [sharedprocess] [info] Scanned user extensions: 21
[2019-02-21 10:30:14.801] [sharedprocess] [info] Scanned user extensions: 21
[2019-02-21 10:35:14.816] [sharedprocess] [info] Scanned user extensions: 21
[2019-02-21 10:40:14.834] [sharedprocess] [info] Scanned user extensions: 21
